This file contains any messages produced by compilers while
running configure, to aid debugging if configure makes a mistake.

It was created by libaacplus configure 2.0.2, which was
generated by GNU Autoconf 2.71.  Invocation command line was

  $ ./configure --no-create --no-recursion

## --------- ##
## Platform. ##
## --------- ##

hostname = wrapper-VirtualBox
uname -m = x86_64
uname -r = 5.15.0-27-generic
uname -s = Linux
uname -v = #28-Ubuntu SMP Thu Apr 14 04:55:28 UTC 2022

/usr/bin/uname -p = x86_64
/bin/uname -X     = unknown

/bin/arch              = x86_64
/usr/bin/arch -k       = unknown
/usr/convex/getsysinfo = unknown
/usr/bin/hostinfo      = unknown
/bin/machine           = unknown
/usr/bin/oslevel       = unknown
/bin/universe          = unknown

PATH: /home/wrapper/.vscode-server/bin/da15b6fd3ef856477bf6f4fb29ba1b7af717770d/bin/remote-cli/
PATH: /usr/local/sbin/
PATH: /usr/local/bin/
PATH: /usr/sbin/
PATH: /usr/bin/
PATH: /sbin/
PATH: /bin/
PATH: /usr/games/
PATH: /usr/local/games/
PATH: /snap/bin/


## ----------- ##
## Core tests. ##
## ----------- ##

configure:2612: looking for aux files: ltmain.sh config.guess config.sub compile missing install-sh
configure:2625:  trying ./
configure:2654:   ./ltmain.sh found
configure:2654:   ./config.guess found
configure:2654:   ./config.sub found
configure:2654:   ./compile found
configure:2654:   ./missing found
configure:2636:   ./install-sh found
configure:2784: checking for a BSD-compatible install
configure:2857: result: /usr/bin/install -c
configure:2868: checking whether build environment is sane
configure:2923: result: yes
configure:3082: checking for a race-free mkdir -p
configure:3126: result: /usr/bin/mkdir -p
configure:3133: checking for gawk
configure:3168: result: no
configure:3133: checking for mawk
configure:3154: found /usr/bin/mawk
configure:3165: result: mawk
configure:3176: checking whether make sets $(MAKE)
configure:3199: result: yes
configure:3229: checking whether make supports nested variables
configure:3247: result: yes
configure:3450: checking for gcc
configure:3471: found /usr/bin/gcc
configure:3482: result: gcc
configure:3835: checking for C compiler version
configure:3844: gcc --version >&5
gcc (Ubuntu 11.2.0-19ubuntu1) 11.2.0
Copyright (C) 2021 Free Software Foundation, Inc.
This is free software; see the source for copying conditions.  There is NO
warranty; not even for MERCHANTABILITY or FITNESS FOR A PARTICULAR PURPOSE.

configure:3855: $? = 0
configure:3844: gcc -v >&5
Using built-in specs.
COLLECT_GCC=gcc
COLLECT_LTO_WRAPPER=/usr/lib/gcc/x86_64-linux-gnu/11/lto-wrapper
OFFLOAD_TARGET_NAMES=nvptx-none:amdgcn-amdhsa
OFFLOAD_TARGET_DEFAULT=1
Target: x86_64-linux-gnu
Configured with: ../src/configure -v --with-pkgversion='Ubuntu 11.2.0-19ubuntu1' --with-bugurl=file:///usr/share/doc/gcc-11/README.Bugs --enable-languages=c,ada,c++,go,brig,d,fortran,objc,obj-c++,m2 --prefix=/usr --with-gcc-major-version-only --program-suffix=-11 --program-prefix=x86_64-linux-gnu- --enable-shared --enable-linker-build-id --libexecdir=/usr/lib --without-included-gettext --enable-threads=posix --libdir=/usr/lib --enable-nls --enable-bootstrap --enable-clocale=gnu --enable-libstdcxx-debug --enable-libstdcxx-time=yes --with-default-libstdcxx-abi=new --enable-gnu-unique-object --disable-vtable-verify --enable-plugin --enable-default-pie --with-system-zlib --enable-libphobos-checking=release --with-target-system-zlib=auto --enable-objc-gc=auto --enable-multiarch --disable-werror --enable-cet --with-arch-32=i686 --with-abi=m64 --with-multilib-list=m32,m64,mx32 --enable-multilib --with-tune=generic --enable-offload-targets=nvptx-none=/build/gcc-11-gBFGDP/gcc-11-11.2.0/debian/tmp-nvptx/usr,amdgcn-amdhsa=/build/gcc-11-gBFGDP/gcc-11-11.2.0/debian/tmp-gcn/usr --without-cuda-driver --enable-checking=release --build=x86_64-linux-gnu --host=x86_64-linux-gnu --target=x86_64-linux-gnu --with-build-config=bootstrap-lto-lean --enable-link-serialization=2
Thread model: posix
Supported LTO compression algorithms: zlib zstd
gcc version 11.2.0 (Ubuntu 11.2.0-19ubuntu1) 
... rest of stderr output deleted ...
configure:3855: $? = 0
configure:3844: gcc -V >&5
gcc: error: unrecognized command-line option '-V'
gcc: fatal error: no input files
compilation terminated.
configure:3855: $? = 1
configure:3844: gcc -qversion >&5
gcc: error: unrecognized command-line option '-qversion'; did you mean '--version'?
gcc: fatal error: no input files
compilation terminated.
configure:3855: $? = 1
configure:3844: gcc -version >&5
gcc: error: unrecognized command-line option '-version'
gcc: fatal error: no input files
compilation terminated.
configure:3855: $? = 1
configure:3875: checking whether the C compiler works
configure:3897: gcc    conftest.c  >&5
configure:3901: $? = 0
configure:3951: result: yes
configure:3954: checking for C compiler default output file name
configure:3956: result: a.out
configure:3962: checking for suffix of executables
configure:3969: gcc -o conftest    conftest.c  >&5
configure:3973: $? = 0
configure:3996: result: 
configure:4018: checking whether we are cross compiling
configure:4026: gcc -o conftest    conftest.c  >&5
configure:4030: $? = 0
configure:4037: ./conftest
configure:4041: $? = 0
configure:4056: result: no
configure:4061: checking for suffix of object files
configure:4084: gcc -c   conftest.c >&5
configure:4088: $? = 0
configure:4110: result: o
configure:4114: checking whether the compiler supports GNU C
configure:4134: gcc -c   conftest.c >&5
configure:4134: $? = 0
configure:4144: result: yes
configure:4155: checking whether gcc accepts -g
configure:4176: gcc -c -g  conftest.c >&5
configure:4176: $? = 0
configure:4220: result: yes
configure:4240: checking for gcc option to enable C11 features
configure:4255: gcc  -c -g -O2  conftest.c >&5
configure:4255: $? = 0
configure:4273: result: none needed
configure:4389: checking whether gcc understands -c and -o together
configure:4412: gcc -c conftest.c -o conftest2.o
configure:4415: $? = 0
configure:4412: gcc -c conftest.c -o conftest2.o
configure:4415: $? = 0
configure:4427: result: yes
configure:4447: checking whether make supports the include directive
configure:4462: make -f confmf.GNU && cat confinc.out
make[1]: Entering directory '/home/wrapper/workspace/u_repos/libaacplus-2.0.2-aac'
make[1]: Leaving directory '/home/wrapper/workspace/u_repos/libaacplus-2.0.2-aac'
this is the am__doit target
configure:4465: $? = 0
configure:4484: result: yes (GNU style)
configure:4510: checking dependency style of gcc
configure:4622: result: gcc3
configure:4643: checking how to run the C preprocessor
configure:4669: gcc -E  conftest.c
configure:4669: $? = 0
configure:4684: gcc -E  conftest.c
conftest.c:11:10: fatal error: ac_nonexistent.h: No such file or directory
   11 | #include <ac_nonexistent.h>
      |          ^~~~~~~~~~~~~~~~~~
compilation terminated.
configure:4684: $? = 1
configure: failed program was:
| /* confdefs.h */
| #define PACKAGE_NAME "libaacplus"
| #define PACKAGE_TARNAME "libaacplus"
| #define PACKAGE_VERSION "2.0.2"
| #define PACKAGE_STRING "libaacplus 2.0.2"
| #define PACKAGE_BUGREPORT "Sergiy Guriev <piratfm@ua.fm>"
| #define PACKAGE_URL ""
| #define PACKAGE "libaacplus"
| #define VERSION "2.0.2"
| /* end confdefs.h.  */
| #include <ac_nonexistent.h>
configure:4711: result: gcc -E
configure:4725: gcc -E  conftest.c
configure:4725: $? = 0
configure:4740: gcc -E  conftest.c
conftest.c:11:10: fatal error: ac_nonexistent.h: No such file or directory
   11 | #include <ac_nonexistent.h>
      |          ^~~~~~~~~~~~~~~~~~
compilation terminated.
configure:4740: $? = 1
configure: failed program was:
| /* confdefs.h */
| #define PACKAGE_NAME "libaacplus"
| #define PACKAGE_TARNAME "libaacplus"
| #define PACKAGE_VERSION "2.0.2"
| #define PACKAGE_STRING "libaacplus 2.0.2"
| #define PACKAGE_BUGREPORT "Sergiy Guriev <piratfm@ua.fm>"
| #define PACKAGE_URL ""
| #define PACKAGE "libaacplus"
| #define VERSION "2.0.2"
| /* end confdefs.h.  */
| #include <ac_nonexistent.h>
configure:4771: checking whether ln -s works
configure:4775: result: yes
configure:4782: checking whether make sets $(MAKE)
configure:4805: result: yes
configure:4820: checking build system type
configure:4835: result: x86_64-pc-linux-gnu
configure:4855: checking host system type
configure:4869: result: x86_64-pc-linux-gnu
configure:5269: checking how to print strings
configure:5296: result: printf
configure:5317: checking for a sed that does not truncate output
configure:5387: result: /usr/bin/sed
configure:5405: checking for grep that handles long lines and -e
configure:5469: result: /usr/bin/grep
configure:5474: checking for egrep
configure:5542: result: /usr/bin/grep -E
configure:5547: checking for fgrep
configure:5615: result: /usr/bin/grep -F
configure:5651: checking for ld used by gcc
configure:5719: result: /usr/bin/ld
configure:5726: checking if the linker (/usr/bin/ld) is GNU ld
configure:5742: result: yes
configure:5754: checking for BSD- or MS-compatible name lister (nm)
configure:5809: result: /usr/bin/nm -B
configure:5949: checking the name lister (/usr/bin/nm -B) interface
configure:5957: gcc -c -g -O2  conftest.c >&5
configure:5960: /usr/bin/nm -B "conftest.o"
configure:5963: output
0000000000000000 B some_variable
configure:5970: result: BSD nm
configure:5974: checking the maximum length of command line arguments
configure:6106: result: 1572864
configure:6154: checking how to convert x86_64-pc-linux-gnu file names to x86_64-pc-linux-gnu format
configure:6195: result: func_convert_file_noop
configure:6202: checking how to convert x86_64-pc-linux-gnu file names to toolchain format
configure:6223: result: func_convert_file_noop
configure:6230: checking for /usr/bin/ld option to reload object files
configure:6238: result: -r
configure:6317: checking for objdump
configure:6349: result: objdump
configure:6378: checking how to recognize dependent libraries
configure:6579: result: pass_all
configure:6669: checking for dlltool
configure:6701: result: dlltool
configure:6731: checking how to associate runtime and link libraries
configure:6759: result: printf %s\n
configure:6825: checking for ar
configure:6846: found /usr/bin/ar
configure:6857: result: ar
configure:6894: checking for archiver @FILE support
configure:6912: gcc -c -g -O2  conftest.c >&5
configure:6912: $? = 0
configure:6916: ar cr libconftest.a @conftest.lst >&5
configure:6919: $? = 0
configure:6924: ar cr libconftest.a @conftest.lst >&5
ar: conftest.o: No such file or directory
configure:6927: $? = 1
configure:6939: result: @
configure:7002: checking for strip
configure:7023: found /usr/bin/strip
configure:7034: result: strip
configure:7111: checking for ranlib
configure:7132: found /usr/bin/ranlib
configure:7143: result: ranlib
configure:7245: checking command to parse /usr/bin/nm -B output from gcc object
configure:7399: gcc -c -g -O2  conftest.c >&5
configure:7402: $? = 0
configure:7406: /usr/bin/nm -B conftest.o | sed -n -e 's/^.*[	 ]\([ABCDGIRSTW][ABCDGIRSTW]*\)[	 ][	 ]*\([_A-Za-z][_A-Za-z0-9]*\)$/\1 \2 \2/p' | sed '/ __gnu_lto/d' > conftest.nm
configure:7472: gcc -o conftest -g -O2   conftest.c conftstm.o >&5
configure:7475: $? = 0
configure:7513: result: ok
configure:7560: checking for sysroot
configure:7591: result: no
configure:7598: checking for a working dd
configure:7642: result: /usr/bin/dd
configure:7646: checking how to truncate binary pipes
configure:7662: result: /usr/bin/dd bs=4096 count=1
configure:7799: gcc -c -g -O2  conftest.c >&5
configure:7802: $? = 0
configure:7999: checking for mt
configure:8020: found /usr/bin/mt
configure:8031: result: mt
configure:8054: checking if mt is a manifest tool
configure:8061: mt '-?'
configure:8069: result: no
configure:8799: checking for stdio.h
configure:8799: gcc -c -g -O2  conftest.c >&5
configure:8799: $? = 0
configure:8799: result: yes
configure:8799: checking for stdlib.h
configure:8799: gcc -c -g -O2  conftest.c >&5
configure:8799: $? = 0
configure:8799: result: yes
configure:8799: checking for string.h
configure:8799: gcc -c -g -O2  conftest.c >&5
configure:8799: $? = 0
configure:8799: result: yes
configure:8799: checking for inttypes.h
configure:8799: gcc -c -g -O2  conftest.c >&5
configure:8799: $? = 0
configure:8799: result: yes
configure:8799: checking for stdint.h
configure:8799: gcc -c -g -O2  conftest.c >&5
configure:8799: $? = 0
configure:8799: result: yes
configure:8799: checking for strings.h
configure:8799: gcc -c -g -O2  conftest.c >&5
configure:8799: $? = 0
configure:8799: result: yes
configure:8799: checking for sys/stat.h
configure:8799: gcc -c -g -O2  conftest.c >&5
configure:8799: $? = 0
configure:8799: result: yes
configure:8799: checking for sys/types.h
configure:8799: gcc -c -g -O2  conftest.c >&5
configure:8799: $? = 0
configure:8799: result: yes
configure:8799: checking for unistd.h
configure:8799: gcc -c -g -O2  conftest.c >&5
configure:8799: $? = 0
configure:8799: result: yes
configure:8824: checking for dlfcn.h
configure:8824: gcc -c -g -O2  conftest.c >&5
configure:8824: $? = 0
configure:8824: result: yes
configure:9081: checking for objdir
configure:9097: result: .libs
configure:9361: checking if gcc supports -fno-rtti -fno-exceptions
configure:9380: gcc -c -g -O2  -fno-rtti -fno-exceptions conftest.c >&5
cc1: warning: command-line option '-fno-rtti' is valid for C++/D/ObjC++ but not for C
configure:9384: $? = 0
configure:9397: result: no
configure:9761: checking for gcc option to produce PIC
configure:9769: result: -fPIC -DPIC
configure:9777: checking if gcc PIC flag -fPIC -DPIC works
configure:9796: gcc -c -g -O2  -fPIC -DPIC -DPIC conftest.c >&5
configure:9800: $? = 0
configure:9813: result: yes
configure:9842: checking if gcc static flag -static works
configure:9871: result: yes
configure:9886: checking if gcc supports -c -o file.o
configure:9908: gcc -c -g -O2  -o out/conftest2.o conftest.c >&5
configure:9912: $? = 0
configure:9934: result: yes
configure:9942: checking if gcc supports -c -o file.o
configure:9990: result: yes
configure:10023: checking whether the gcc linker (/usr/bin/ld -m elf_x86_64) supports shared libraries
configure:11293: result: yes
configure:11330: checking whether -lc should be explicitly linked in
configure:11339: gcc -c -g -O2  conftest.c >&5
configure:11342: $? = 0
configure:11357: gcc -shared  -fPIC -DPIC conftest.o  -v -Wl,-soname -Wl,conftest -o conftest 2\>\&1 \| /usr/bin/grep  -lc  \>/dev/null 2\>\&1
configure:11360: $? = 0
configure:11374: result: no
configure:11534: checking dynamic linker characteristics
configure:12116: gcc -o conftest -g -O2   -Wl,-rpath -Wl,/foo conftest.c  >&5
configure:12116: $? = 0
configure:12367: result: GNU/Linux ld.so
configure:12489: checking how to hardcode library paths into programs
configure:12514: result: immediate
configure:13066: checking whether stripping libraries is possible
configure:13071: result: yes
configure:13106: checking if libtool supports shared libraries
configure:13108: result: yes
configure:13111: checking whether to build shared libraries
configure:13136: result: yes
configure:13139: checking whether to build static libraries
configure:13143: result: yes
configure:13182: checking for unzip
configure:13205: found /usr/bin/unzip
configure:13217: result: /usr/bin/unzip
configure:13230: checking for patch
configure:13253: found /usr/bin/patch
configure:13265: result: /usr/bin/patch
configure:13287: checking for /bin/bash
configure:13301: result: yes
configure:13439: checking for parameter expansion string replace capable shell
configure:13456: result: /bin/bash
configure:13483: checking for wget
configure:13506: found /usr/bin/wget
configure:13518: result: /usr/bin/wget
configure:13533: checking for web downloading command
configure:13563: result: /usr/bin/wget -N
configure:13577: checking for library containing sqrt
configure:13607: gcc -o conftest -g -O2   conftest.c  >&5
conftest.c:27:6: warning: conflicting types for built-in function 'sqrt'; expected 'double(double)' [-Wbuiltin-declaration-mismatch]
   27 | char sqrt ();
      |      ^~~~
conftest.c:1:1: note: 'sqrt' is declared in header '<math.h>'
    1 | /* confdefs.h */
/usr/bin/ld: /tmp/cc1LP4os.o: in function `main':
/home/wrapper/workspace/u_repos/libaacplus-2.0.2-aac/conftest.c:31: undefined reference to `sqrt'
collect2: error: ld returned 1 exit status
configure:13607: $? = 1
configure: failed program was:
| /* confdefs.h */
| #define PACKAGE_NAME "libaacplus"
| #define PACKAGE_TARNAME "libaacplus"
| #define PACKAGE_VERSION "2.0.2"
| #define PACKAGE_STRING "libaacplus 2.0.2"
| #define PACKAGE_BUGREPORT "Sergiy Guriev <piratfm@ua.fm>"
| #define PACKAGE_URL ""
| #define PACKAGE "libaacplus"
| #define VERSION "2.0.2"
| #define HAVE_STDIO_H 1
| #define HAVE_STDLIB_H 1
| #define HAVE_STRING_H 1
| #define HAVE_INTTYPES_H 1
| #define HAVE_STDINT_H 1
| #define HAVE_STRINGS_H 1
| #define HAVE_SYS_STAT_H 1
| #define HAVE_SYS_TYPES_H 1
| #define HAVE_UNISTD_H 1
| #define STDC_HEADERS 1
| #define HAVE_DLFCN_H 1
| #define LT_OBJDIR ".libs/"
| /* end confdefs.h.  */
| 
| /* Override any GCC internal prototype to avoid an error.
|    Use char because int might match the return type of a GCC
|    builtin and then its argument prototype would still apply.  */
| char sqrt ();
| int
| main (void)
| {
| return sqrt ();
|   ;
|   return 0;
| }
configure:13607: gcc -o conftest -g -O2   conftest.c -lm   >&5
conftest.c:27:6: warning: conflicting types for built-in function 'sqrt'; expected 'double(double)' [-Wbuiltin-declaration-mismatch]
   27 | char sqrt ();
      |      ^~~~
conftest.c:1:1: note: 'sqrt' is declared in header '<math.h>'
    1 | /* confdefs.h */
configure:13607: $? = 0
configure:13627: result: -lm
configure:13641: checking for egrep
configure:13709: result: /usr/bin/grep -E
configure:13718: checking for float.h
configure:13718: gcc -c -g -O2  conftest.c >&5
configure:13718: $? = 0
configure:13718: result: yes
configure:13718: checking for memory.h
configure:13718: gcc -c -g -O2  conftest.c >&5
configure:13718: $? = 0
configure:13718: result: yes
configure:13718: checking for stdint.h
configure:13718: result: yes
configure:13718: checking for stdlib.h
configure:13718: result: yes
configure:13718: checking for string.h
configure:13718: result: yes
configure:13734: checking for an ANSI C-conforming const
configure:13801: gcc -c -g -O2  conftest.c >&5
configure:13801: $? = 0
configure:13809: result: yes
configure:13817: checking for int16_t
configure:13817: gcc -c -g -O2  conftest.c >&5
configure:13817: $? = 0
configure:13817: gcc -c -g -O2  conftest.c >&5
conftest.c: In function 'main':
conftest.c:60:12: error: size of array 'test_array' is negative
   60 | static int test_array [1 - 2 * !((int16_t) (((((int16_t) 1 << N) << N) - 1) * 2 + 1)
      |            ^~~~~~~~~~
configure:13817: $? = 1
configure: failed program was:
| /* confdefs.h */
| #define PACKAGE_NAME "libaacplus"
| #define PACKAGE_TARNAME "libaacplus"
| #define PACKAGE_VERSION "2.0.2"
| #define PACKAGE_STRING "libaacplus 2.0.2"
| #define PACKAGE_BUGREPORT "Sergiy Guriev <piratfm@ua.fm>"
| #define PACKAGE_URL ""
| #define PACKAGE "libaacplus"
| #define VERSION "2.0.2"
| #define HAVE_STDIO_H 1
| #define HAVE_STDLIB_H 1
| #define HAVE_STRING_H 1
| #define HAVE_INTTYPES_H 1
| #define HAVE_STDINT_H 1
| #define HAVE_STRINGS_H 1
| #define HAVE_SYS_STAT_H 1
| #define HAVE_SYS_TYPES_H 1
| #define HAVE_UNISTD_H 1
| #define STDC_HEADERS 1
| #define HAVE_DLFCN_H 1
| #define LT_OBJDIR ".libs/"
| #define HAVE_FLOAT_H 1
| #define HAVE_MEMORY_H 1
| #define HAVE_STDINT_H 1
| #define HAVE_STDLIB_H 1
| #define HAVE_STRING_H 1
| /* end confdefs.h.  */
| #include <stddef.h>
| #ifdef HAVE_STDIO_H
| # include <stdio.h>
| #endif
| #ifdef HAVE_STDLIB_H
| # include <stdlib.h>
| #endif
| #ifdef HAVE_STRING_H
| # include <string.h>
| #endif
| #ifdef HAVE_INTTYPES_H
| # include <inttypes.h>
| #endif
| #ifdef HAVE_STDINT_H
| # include <stdint.h>
| #endif
| #ifdef HAVE_STRINGS_H
| # include <strings.h>
| #endif
| #ifdef HAVE_SYS_TYPES_H
| # include <sys/types.h>
| #endif
| #ifdef HAVE_SYS_STAT_H
| # include <sys/stat.h>
| #endif
| #ifdef HAVE_UNISTD_H
| # include <unistd.h>
| #endif
| 	        enum { N = 16 / 2 - 1 };
| int
| main (void)
| {
| static int test_array [1 - 2 * !((int16_t) (((((int16_t) 1 << N) << N) - 1) * 2 + 1)
| 		 < (int16_t) (((((int16_t) 1 << N) << N) - 1) * 2 + 2))];
| test_array [0] = 0;
| return test_array [0];
| 
|   ;
|   return 0;
| }
configure:13817: result: yes
configure:13826: checking for int32_t
configure:13826: gcc -c -g -O2  conftest.c >&5
configure:13826: $? = 0
configure:13826: gcc -c -g -O2  conftest.c >&5
conftest.c: In function 'main':
conftest.c:61:67: warning: integer overflow in expression of type 'int' results in '-2147483648' [-Woverflow]
   61 |                  < (int32_t) (((((int32_t) 1 << N) << N) - 1) * 2 + 2))];
      |                                                                   ^
conftest.c:60:12: error: storage size of 'test_array' isn't constant
   60 | static int test_array [1 - 2 * !((int32_t) (((((int32_t) 1 << N) << N) - 1) * 2 + 1)
      |            ^~~~~~~~~~
configure:13826: $? = 1
configure: failed program was:
| /* confdefs.h */
| #define PACKAGE_NAME "libaacplus"
| #define PACKAGE_TARNAME "libaacplus"
| #define PACKAGE_VERSION "2.0.2"
| #define PACKAGE_STRING "libaacplus 2.0.2"
| #define PACKAGE_BUGREPORT "Sergiy Guriev <piratfm@ua.fm>"
| #define PACKAGE_URL ""
| #define PACKAGE "libaacplus"
| #define VERSION "2.0.2"
| #define HAVE_STDIO_H 1
| #define HAVE_STDLIB_H 1
| #define HAVE_STRING_H 1
| #define HAVE_INTTYPES_H 1
| #define HAVE_STDINT_H 1
| #define HAVE_STRINGS_H 1
| #define HAVE_SYS_STAT_H 1
| #define HAVE_SYS_TYPES_H 1
| #define HAVE_UNISTD_H 1
| #define STDC_HEADERS 1
| #define HAVE_DLFCN_H 1
| #define LT_OBJDIR ".libs/"
| #define HAVE_FLOAT_H 1
| #define HAVE_MEMORY_H 1
| #define HAVE_STDINT_H 1
| #define HAVE_STDLIB_H 1
| #define HAVE_STRING_H 1
| /* end confdefs.h.  */
| #include <stddef.h>
| #ifdef HAVE_STDIO_H
| # include <stdio.h>
| #endif
| #ifdef HAVE_STDLIB_H
| # include <stdlib.h>
| #endif
| #ifdef HAVE_STRING_H
| # include <string.h>
| #endif
| #ifdef HAVE_INTTYPES_H
| # include <inttypes.h>
| #endif
| #ifdef HAVE_STDINT_H
| # include <stdint.h>
| #endif
| #ifdef HAVE_STRINGS_H
| # include <strings.h>
| #endif
| #ifdef HAVE_SYS_TYPES_H
| # include <sys/types.h>
| #endif
| #ifdef HAVE_SYS_STAT_H
| # include <sys/stat.h>
| #endif
| #ifdef HAVE_UNISTD_H
| # include <unistd.h>
| #endif
| 	        enum { N = 32 / 2 - 1 };
| int
| main (void)
| {
| static int test_array [1 - 2 * !((int32_t) (((((int32_t) 1 << N) << N) - 1) * 2 + 1)
| 		 < (int32_t) (((((int32_t) 1 << N) << N) - 1) * 2 + 2))];
| test_array [0] = 0;
| return test_array [0];
| 
|   ;
|   return 0;
| }
configure:13826: result: yes
configure:13835: checking for int8_t
configure:13835: gcc -c -g -O2  conftest.c >&5
configure:13835: $? = 0
configure:13835: gcc -c -g -O2  conftest.c >&5
conftest.c: In function 'main':
conftest.c:60:12: error: size of array 'test_array' is negative
   60 | static int test_array [1 - 2 * !((int8_t) (((((int8_t) 1 << N) << N) - 1) * 2 + 1)
      |            ^~~~~~~~~~
configure:13835: $? = 1
configure: failed program was:
| /* confdefs.h */
| #define PACKAGE_NAME "libaacplus"
| #define PACKAGE_TARNAME "libaacplus"
| #define PACKAGE_VERSION "2.0.2"
| #define PACKAGE_STRING "libaacplus 2.0.2"
| #define PACKAGE_BUGREPORT "Sergiy Guriev <piratfm@ua.fm>"
| #define PACKAGE_URL ""
| #define PACKAGE "libaacplus"
| #define VERSION "2.0.2"
| #define HAVE_STDIO_H 1
| #define HAVE_STDLIB_H 1
| #define HAVE_STRING_H 1
| #define HAVE_INTTYPES_H 1
| #define HAVE_STDINT_H 1
| #define HAVE_STRINGS_H 1
| #define HAVE_SYS_STAT_H 1
| #define HAVE_SYS_TYPES_H 1
| #define HAVE_UNISTD_H 1
| #define STDC_HEADERS 1
| #define HAVE_DLFCN_H 1
| #define LT_OBJDIR ".libs/"
| #define HAVE_FLOAT_H 1
| #define HAVE_MEMORY_H 1
| #define HAVE_STDINT_H 1
| #define HAVE_STDLIB_H 1
| #define HAVE_STRING_H 1
| /* end confdefs.h.  */
| #include <stddef.h>
| #ifdef HAVE_STDIO_H
| # include <stdio.h>
| #endif
| #ifdef HAVE_STDLIB_H
| # include <stdlib.h>
| #endif
| #ifdef HAVE_STRING_H
| # include <string.h>
| #endif
| #ifdef HAVE_INTTYPES_H
| # include <inttypes.h>
| #endif
| #ifdef HAVE_STDINT_H
| # include <stdint.h>
| #endif
| #ifdef HAVE_STRINGS_H
| # include <strings.h>
| #endif
| #ifdef HAVE_SYS_TYPES_H
| # include <sys/types.h>
| #endif
| #ifdef HAVE_SYS_STAT_H
| # include <sys/stat.h>
| #endif
| #ifdef HAVE_UNISTD_H
| # include <unistd.h>
| #endif
| 	        enum { N = 8 / 2 - 1 };
| int
| main (void)
| {
| static int test_array [1 - 2 * !((int8_t) (((((int8_t) 1 << N) << N) - 1) * 2 + 1)
| 		 < (int8_t) (((((int8_t) 1 << N) << N) - 1) * 2 + 2))];
| test_array [0] = 0;
| return test_array [0];
| 
|   ;
|   return 0;
| }
configure:13835: result: yes
configure:13844: checking for uint16_t
configure:13844: gcc -c -g -O2  conftest.c >&5
configure:13844: $? = 0
configure:13844: result: yes
configure:13856: checking for GNU libc compatible malloc
configure:13888: gcc -o conftest -g -O2   conftest.c -lm  >&5
configure:13888: $? = 0
configure:13888: ./conftest
configure:13888: $? = 0
configure:13899: result: yes
configure:13921: checking for working memcmp
configure:13966: gcc -o conftest -g -O2   conftest.c -lm  >&5
configure:13966: $? = 0
configure:13966: ./conftest
configure:13966: $? = 0
configure:13977: result: yes
configure:13990: checking for floor
configure:13990: gcc -o conftest -g -O2   conftest.c -lm  >&5
conftest.c:45:6: warning: conflicting types for built-in function 'floor'; expected 'double(double)' [-Wbuiltin-declaration-mismatch]
   45 | char floor ();
      |      ^~~~~
conftest.c:37:1: note: 'floor' is declared in header '<math.h>'
   36 | #include <limits.h>
   37 | #undef floor
configure:13990: $? = 0
configure:13990: result: yes
configure:13990: checking for memmove
configure:13990: gcc -o conftest -g -O2   conftest.c -lm  >&5
conftest.c:46:6: warning: conflicting types for built-in function 'memmove'; expected 'void *(void *, const void *, long unsigned int)' [-Wbuiltin-declaration-mismatch]
   46 | char memmove ();
      |      ^~~~~~~
conftest.c:38:1: note: 'memmove' is declared in header '<string.h>'
   37 | #include <limits.h>
   38 | #undef memmove
configure:13990: $? = 0
configure:13990: result: yes
configure:13990: checking for memset
configure:13990: gcc -o conftest -g -O2   conftest.c -lm  >&5
conftest.c:47:6: warning: conflicting types for built-in function 'memset'; expected 'void *(void *, int,  long unsigned int)' [-Wbuiltin-declaration-mismatch]
   47 | char memset ();
      |      ^~~~~~
conftest.c:39:1: note: 'memset' is declared in header '<string.h>'
   38 | #include <limits.h>
   39 | #undef memset
configure:13990: $? = 0
configure:13990: result: yes
configure:13990: checking for pow
configure:13990: gcc -o conftest -g -O2   conftest.c -lm  >&5
conftest.c:48:6: warning: conflicting types for built-in function 'pow'; expected 'double(double,  double)' [-Wbuiltin-declaration-mismatch]
   48 | char pow ();
      |      ^~~
conftest.c:40:1: note: 'pow' is declared in header '<math.h>'
   39 | #include <limits.h>
   40 | #undef pow
configure:13990: $? = 0
configure:13990: result: yes
configure:13990: checking for sqrt
configure:13990: gcc -o conftest -g -O2   conftest.c -lm  >&5
conftest.c:49:6: warning: conflicting types for built-in function 'sqrt'; expected 'double(double)' [-Wbuiltin-declaration-mismatch]
   49 | char sqrt ();
      |      ^~~~
conftest.c:41:1: note: 'sqrt' is declared in header '<math.h>'
   40 | #include <limits.h>
   41 | #undef sqrt
configure:13990: $? = 0
configure:13990: result: yes
configure:14030: checking for fftw3 library at /usr 
configure:14059: WARNING: not found
configure:14062: checking for fftw3 library at /usr/local 
configure:14105: WARNING: not found, building without fftw3
configure:14127: checking for pkg-config
configure:14148: found /usr/bin/pkg-config
configure:14160: result: yes
configure:14306: checking that generated files are newer than configure
configure:14312: result: done
configure:14339: creating ./config.status

## ---------------- ##
## Cache variables. ##
## ---------------- ##

ac_cv_build=x86_64-pc-linux-gnu
ac_cv_c_compiler_gnu=yes
ac_cv_c_const=yes
ac_cv_c_int16_t=yes
ac_cv_c_int32_t=yes
ac_cv_c_int8_t=yes
ac_cv_c_uint16_t=yes
ac_cv_downloader_prog='/usr/bin/wget -N'
ac_cv_env_CC_set=
ac_cv_env_CC_value=
ac_cv_env_CFLAGS_set=
ac_cv_env_CFLAGS_value=
ac_cv_env_CPPFLAGS_set=
ac_cv_env_CPPFLAGS_value=
ac_cv_env_CPP_set=
ac_cv_env_CPP_value=
ac_cv_env_LDFLAGS_set=
ac_cv_env_LDFLAGS_value=
ac_cv_env_LIBS_set=
ac_cv_env_LIBS_value=
ac_cv_env_LT_SYS_LIBRARY_PATH_set=
ac_cv_env_LT_SYS_LIBRARY_PATH_value=
ac_cv_env_build_alias_set=
ac_cv_env_build_alias_value=
ac_cv_env_host_alias_set=
ac_cv_env_host_alias_value=
ac_cv_env_target_alias_set=
ac_cv_env_target_alias_value=
ac_cv_file__bin_bash=yes
ac_cv_func_floor=yes
ac_cv_func_malloc_0_nonnull=yes
ac_cv_func_memcmp_working=yes
ac_cv_func_memmove=yes
ac_cv_func_memset=yes
ac_cv_func_pow=yes
ac_cv_func_sqrt=yes
ac_cv_header_dlfcn_h=yes
ac_cv_header_float_h=yes
ac_cv_header_inttypes_h=yes
ac_cv_header_memory_h=yes
ac_cv_header_stdint_h=yes
ac_cv_header_stdio_h=yes
ac_cv_header_stdlib_h=yes
ac_cv_header_string_h=yes
ac_cv_header_strings_h=yes
ac_cv_header_sys_stat_h=yes
ac_cv_header_sys_types_h=yes
ac_cv_header_unistd_h=yes
ac_cv_host=x86_64-pc-linux-gnu
ac_cv_objext=o
ac_cv_parameter_expansion_string_replace_capable_shell=/bin/bash
ac_cv_path_DOWNLOADER_PROG_CMD=/usr/bin/wget
ac_cv_path_EGREP='/usr/bin/grep -E'
ac_cv_path_FGREP='/usr/bin/grep -F'
ac_cv_path_GREP=/usr/bin/grep
ac_cv_path_PATCH=/usr/bin/patch
ac_cv_path_SED=/usr/bin/sed
ac_cv_path_UNZIP=/usr/bin/unzip
ac_cv_path_install='/usr/bin/install -c'
ac_cv_path_lt_DD=/usr/bin/dd
ac_cv_path_mkdir=/usr/bin/mkdir
ac_cv_prog_AWK=mawk
ac_cv_prog_CPP='gcc -E'
ac_cv_prog_PKGCONFIG=yes
ac_cv_prog_ac_ct_AR=ar
ac_cv_prog_ac_ct_CC=gcc
ac_cv_prog_ac_ct_DLLTOOL=dlltool
ac_cv_prog_ac_ct_MANIFEST_TOOL=mt
ac_cv_prog_ac_ct_OBJDUMP=objdump
ac_cv_prog_ac_ct_RANLIB=ranlib
ac_cv_prog_ac_ct_STRIP=strip
ac_cv_prog_cc_c11=
ac_cv_prog_cc_g=yes
ac_cv_prog_cc_stdc=
ac_cv_prog_make_make_set=yes
ac_cv_search_sqrt=-lm
am_cv_CC_dependencies_compiler_type=gcc3
am_cv_make_support_nested_variables=yes
am_cv_prog_cc_c_o=yes
lt_cv_ar_at_file=@
lt_cv_archive_cmds_need_lc=no
lt_cv_deplibs_check_method=pass_all
lt_cv_file_magic_cmd='$MAGIC_CMD'
lt_cv_file_magic_test_file=
lt_cv_ld_reload_flag=-r
lt_cv_nm_interface='BSD nm'
lt_cv_objdir=.libs
lt_cv_path_LD=/usr/bin/ld
lt_cv_path_NM='/usr/bin/nm -B'
lt_cv_path_mainfest_tool=no
lt_cv_prog_compiler_c_o=yes
lt_cv_prog_compiler_pic='-fPIC -DPIC'
lt_cv_prog_compiler_pic_works=yes
lt_cv_prog_compiler_rtti_exceptions=no
lt_cv_prog_compiler_static_works=yes
lt_cv_prog_gnu_ld=yes
lt_cv_sharedlib_from_linklib_cmd='printf %s\n'
lt_cv_shlibpath_overrides_runpath=yes
lt_cv_sys_global_symbol_pipe='sed -n -e '\''s/^.*[	 ]\([ABCDGIRSTW][ABCDGIRSTW]*\)[	 ][	 ]*\([_A-Za-z][_A-Za-z0-9]*\)$/\1 \2 \2/p'\'' | sed '\''/ __gnu_lto/d'\'''
lt_cv_sys_global_symbol_to_c_name_address='sed -n -e '\''s/^: \(.*\) .*$/  {"\1", (void *) 0},/p'\'' -e '\''s/^[ABCDGIRSTW][ABCDGIRSTW]* .* \(.*\)$/  {"\1", (void *) \&\1},/p'\'''
lt_cv_sys_global_symbol_to_c_name_address_lib_prefix='sed -n -e '\''s/^: \(.*\) .*$/  {"\1", (void *) 0},/p'\'' -e '\''s/^[ABCDGIRSTW][ABCDGIRSTW]* .* \(lib.*\)$/  {"\1", (void *) \&\1},/p'\'' -e '\''s/^[ABCDGIRSTW][ABCDGIRSTW]* .* \(.*\)$/  {"lib\1", (void *) \&\1},/p'\'''
lt_cv_sys_global_symbol_to_cdecl='sed -n -e '\''s/^T .* \(.*\)$/extern int \1();/p'\'' -e '\''s/^[ABCDGIRSTW][ABCDGIRSTW]* .* \(.*\)$/extern char \1;/p'\'''
lt_cv_sys_global_symbol_to_import=
lt_cv_sys_max_cmd_len=1572864
lt_cv_to_host_file_cmd=func_convert_file_noop
lt_cv_to_tool_file_cmd=func_convert_file_noop
lt_cv_truncate_bin='/usr/bin/dd bs=4096 count=1'

## ----------------- ##
## Output variables. ##
## ----------------- ##

AACPLUS_CFLAGS=''
AACPLUS_CPPFLAGS='-I '
AACPLUS_LIBS='-laacplus -lm '
AACPLUS_REQUIRES=''
ACLOCAL='${SHELL} '\''/home/wrapper/workspace/u_repos/libaacplus-2.0.2-aac/missing'\'' aclocal-1.16'
AMDEPBACKSLASH='\'
AMDEP_FALSE='#'
AMDEP_TRUE=''
AMTAR='$${TAR-tar}'
AM_BACKSLASH='\'
AM_DEFAULT_V='$(AM_DEFAULT_VERBOSITY)'
AM_DEFAULT_VERBOSITY='1'
AM_V='$(V)'
AR='ar'
AS='as'
ASH=''
AUTOCONF='${SHELL} '\''/home/wrapper/workspace/u_repos/libaacplus-2.0.2-aac/missing'\'' autoconf'
AUTOHEADER='${SHELL} '\''/home/wrapper/workspace/u_repos/libaacplus-2.0.2-aac/missing'\'' autoheader'
AUTOMAKE='${SHELL} '\''/home/wrapper/workspace/u_repos/libaacplus-2.0.2-aac/missing'\'' automake-1.16'
AWK='mawk'
BASH='/bin/bash'
CC='gcc'
CCDEPMODE='depmode=gcc3'
CFLAGS='-g -O2'
CPP='gcc -E'
CPPFLAGS=''
CSCOPE='cscope'
CTAGS='ctags'
CYGPATH_W='echo'
DEBUG=''
DEFS='-DHAVE_CONFIG_H'
DEPDIR='.deps'
DLLTOOL='dlltool'
DOWNLOADER_PROG='/usr/bin/wget -N'
DOWNLOADER_PROG_CMD='/usr/bin/wget'
DSYMUTIL=''
DUMPBIN=''
ECHO_C=''
ECHO_N='-n'
ECHO_T=''
EGREP='/usr/bin/grep -E'
ETAGS='etags'
EXEEXT=''
FFTW3_CFLAGS=''
FFTW3_INCFLAGS=''
FFTW3_LDFLAGS=''
FFTW3_LIB=''
FGREP='/usr/bin/grep -F'
GREP='/usr/bin/grep'
HAVE_PKGCONFIG_FALSE='#'
HAVE_PKGCONFIG_TRUE=''
INSTALL_DATA='${INSTALL} -m 644'
INSTALL_PROGRAM='${INSTALL}'
INSTALL_SCRIPT='${INSTALL}'
INSTALL_STRIP_PROGRAM='$(install_sh) -c -s'
LD='/usr/bin/ld -m elf_x86_64'
LDFLAGS=''
LIBOBJS=''
LIBS='-lm '
LIBTOOL='$(SHELL) $(top_builddir)/libtool'
LIBTOOL_DEPS='.//ltmain.sh'
LIPO=''
LN_S='ln -s'
LTLIBOBJS=''
LT_SYS_LIBRARY_PATH=''
MAKEINFO='${SHELL} '\''/home/wrapper/workspace/u_repos/libaacplus-2.0.2-aac/missing'\'' makeinfo'
MANIFEST_TOOL=':'
MKDIR_P='/usr/bin/mkdir -p'
NM='/usr/bin/nm -B'
NMEDIT=''
OBJDUMP='objdump'
OBJEXT='o'
OPT=''
OTOOL64=''
OTOOL=''
PACKAGE='libaacplus'
PACKAGE_BUGREPORT='Sergiy Guriev <piratfm@ua.fm>'
PACKAGE_NAME='libaacplus'
PACKAGE_STRING='libaacplus 2.0.2'
PACKAGE_TARNAME='libaacplus'
PACKAGE_URL=''
PACKAGE_VERSION='2.0.2'
PARAMETER_EXPANSION_STRING_REPLACE_CAPABLE_SHELL='/bin/bash'
PATCH='/usr/bin/patch'
PATH_SEPARATOR=':'
PKGCONFIG='yes'
PROFILE=''
RANLIB='ranlib'
SED='/usr/bin/sed'
SET_MAKE=''
SHELL='/bin/bash'
STRIP='strip'
UNZIP='/usr/bin/unzip'
VERSION='2.0.2'
ac_ct_AR='ar'
ac_ct_CC='gcc'
ac_ct_DUMPBIN=''
am__EXEEXT_FALSE=''
am__EXEEXT_TRUE='#'
am__fastdepCC_FALSE='#'
am__fastdepCC_TRUE=''
am__include='include'
am__isrc=''
am__leading_dot='.'
am__nodep='_no'
am__quote=''
am__tar='$${TAR-tar} chof - "$$tardir"'
am__untar='$${TAR-tar} xf -'
bindir='${exec_prefix}/bin'
build='x86_64-pc-linux-gnu'
build_alias=''
build_cpu='x86_64'
build_os='linux-gnu'
build_vendor='pc'
datadir='${datarootdir}'
datarootdir='${prefix}/share'
docdir='${datarootdir}/doc/${PACKAGE_TARNAME}'
dvidir='${docdir}'
exec_prefix='${prefix}'
host='x86_64-pc-linux-gnu'
host_alias=''
host_cpu='x86_64'
host_os='linux-gnu'
host_vendor='pc'
htmldir='${docdir}'
includedir='${prefix}/include'
infodir='${datarootdir}/info'
install_sh='${SHELL} /home/wrapper/workspace/u_repos/libaacplus-2.0.2-aac/install-sh'
libdir='${exec_prefix}/lib'
libexecdir='${exec_prefix}/libexec'
localedir='${datarootdir}/locale'
localstatedir='${prefix}/var'
mandir='${datarootdir}/man'
mkdir_p='$(MKDIR_P)'
oldincludedir='/usr/include'
pdfdir='${docdir}'
prefix='/usr/local'
program_transform_name='s,x,x,'
psdir='${docdir}'
runstatedir='${localstatedir}/run'
sbindir='${exec_prefix}/sbin'
sharedstatedir='${prefix}/com'
sysconfdir='${prefix}/etc'
target_alias=''

## ----------- ##
## confdefs.h. ##
## ----------- ##

/* confdefs.h */
#define PACKAGE_NAME "libaacplus"
#define PACKAGE_TARNAME "libaacplus"
#define PACKAGE_VERSION "2.0.2"
#define PACKAGE_STRING "libaacplus 2.0.2"
#define PACKAGE_BUGREPORT "Sergiy Guriev <piratfm@ua.fm>"
#define PACKAGE_URL ""
#define PACKAGE "libaacplus"
#define VERSION "2.0.2"
#define HAVE_STDIO_H 1
#define HAVE_STDLIB_H 1
#define HAVE_STRING_H 1
#define HAVE_INTTYPES_H 1
#define HAVE_STDINT_H 1
#define HAVE_STRINGS_H 1
#define HAVE_SYS_STAT_H 1
#define HAVE_SYS_TYPES_H 1
#define HAVE_UNISTD_H 1
#define STDC_HEADERS 1
#define HAVE_DLFCN_H 1
#define LT_OBJDIR ".libs/"
#define HAVE_FLOAT_H 1
#define HAVE_MEMORY_H 1
#define HAVE_STDINT_H 1
#define HAVE_STDLIB_H 1
#define HAVE_STRING_H 1
#define HAVE_MALLOC 1
#define HAVE_FLOOR 1
#define HAVE_MEMMOVE 1
#define HAVE_MEMSET 1
#define HAVE_POW 1
#define HAVE_SQRT 1

configure: exit 0

## ---------------------- ##
## Running config.status. ##
## ---------------------- ##

This file was extended by libaacplus config.status 2.0.2, which was
generated by GNU Autoconf 2.71.  Invocation command line was

  CONFIG_FILES    = 
  CONFIG_HEADERS  = 
  CONFIG_LINKS    = 
  CONFIG_COMMANDS = 
  $ ./config.status 

on wrapper-VirtualBox

config.status:1122: creating aacplus.spec
config.status:1122: creating aacplus-config
config.status:1230: WARNING:  'aacplus-config.in' seems to ignore the --datarootdir setting
config.status:1122: creating aacplus.pc
config.status:1122: creating Makefile
config.status:1122: creating src/Makefile
config.status:1122: creating patches/Makefile
config.status:1122: creating include/Makefile
config.status:1122: creating frontend/Makefile
config.status:1122: creating config.h
config.status:1303: config.h is unchanged
config.status:1351: executing depfiles commands
config.status:1428: cd src       && sed -e '/# am--include-marker/d' Makefile         | make -f - am--depfiles
make[1]: Entering directory '/home/wrapper/workspace/u_repos/libaacplus-2.0.2-aac/src'
make[1]: Nothing to be done for 'am--depfiles'.
make[1]: Leaving directory '/home/wrapper/workspace/u_repos/libaacplus-2.0.2-aac/src'
config.status:1433: $? = 0
config.status:1428: cd frontend       && sed -e '/# am--include-marker/d' Makefile         | make -f - am--depfiles
make[1]: Entering directory '/home/wrapper/workspace/u_repos/libaacplus-2.0.2-aac/frontend'
make[1]: Nothing to be done for 'am--depfiles'.
make[1]: Leaving directory '/home/wrapper/workspace/u_repos/libaacplus-2.0.2-aac/frontend'
config.status:1433: $? = 0
config.status:1351: executing libtool commands
